name: lint
run_id: install_deps
env HOME: /Users/xabimich
env TMPDIR: /var/folders/19/9lyrctkn1_q554vv396cd5x00000gn/T/
env LANG: en_US.UTF-8
env TERM: xterm-256color
env PATH: /Users/xabimich/Library/CloudStorage/OneDrive-VallHebronInstitutRecerca-G60594009/Máster Data Science/Analítica escalable/PEC2/ML_enprod/.tox/test_package/bin:/Users/xabimich/.detaspace/bin:/opt/homebrew/bin:/opt/homebrew/sbin:/usr/local/bin:/System/Cryptexes/App/usr/bin:/usr/bin:/bin:/usr/sbin:/sbin:/Users/xabimich/opt/anaconda3/bin:/Users/xabimich/opt/anaconda3/condabin
env PYTHONHASHSEED: 959981970
env PIP_DISABLE_PIP_VERSION_CHECK: 1
env PYTHONIOENCODING: utf-8
env TOX_ENV_NAME: lint
env TOX_WORK_DIR: /Users/xabimich/Library/CloudStorage/OneDrive-VallHebronInstitutRecerca-G60594009/Máster Data Science/Analítica escalable/PEC2/ML_enprod/.tox
env TOX_ENV_DIR: /Users/xabimich/Library/CloudStorage/OneDrive-VallHebronInstitutRecerca-G60594009/Máster Data Science/Analítica escalable/PEC2/ML_enprod/.tox/test_package
env VIRTUAL_ENV: /Users/xabimich/Library/CloudStorage/OneDrive-VallHebronInstitutRecerca-G60594009/Máster Data Science/Analítica escalable/PEC2/ML_enprod/.tox/test_package
env COLUMNS: 149
env LINES: 50
metadata pid: 8049
cwd: /Users/xabimich/Library/CloudStorage/OneDrive-VallHebronInstitutRecerca-G60594009/Máster Data Science/Analítica escalable/PEC2/ML_enprod
allow: /Users/xabimich/Library/CloudStorage/OneDrive-VallHebronInstitutRecerca-G60594009/Máster Data Science/Analítica escalable/PEC2/ML_enprod/.tox/test_package/bin/*
cmd: pip install -r requirements/test_requirements.txt
exit_code: 0
Collecting numpy==1.24.0 (from -r requirements/requirements.txt (line 4))
  Using cached numpy-1.24.0-cp39-cp39-macosx_10_9_x86_64.whl (19.8 MB)
Collecting pandas<1.4.0,>=1.3.5 (from -r requirements/requirements.txt (line 6))
  Using cached pandas-1.3.5-cp39-cp39-macosx_10_9_x86_64.whl (11.3 MB)
Collecting pydantic<1.9.0,>=1.8.1 (from -r requirements/requirements.txt (line 7))
  Using cached pydantic-1.8.2-cp39-cp39-macosx_10_9_x86_64.whl (2.7 MB)
Collecting scikit-learn<1.1.0,>=1.0.2 (from -r requirements/requirements.txt (line 8))
  Using cached scikit_learn-1.0.2-cp39-cp39-macosx_10_13_x86_64.whl (8.0 MB)
Collecting strictyaml<1.4.0,>=1.3.2 (from -r requirements/requirements.txt (line 9))
  Using cached strictyaml-1.3.2-py3-none-any.whl
Collecting ruamel.yaml==0.16.12 (from -r requirements/requirements.txt (line 10))
  Using cached ruamel.yaml-0.16.12-py2.py3-none-any.whl (111 kB)
Collecting feature-engine<1.1.0,>=1.0.2 (from -r requirements/requirements.txt (line 11))
  Using cached feature_engine-1.0.2-py2.py3-none-any.whl (152 kB)
Collecting joblib<1.1.0,>=1.0.1 (from -r requirements/requirements.txt (line 12))
  Using cached joblib-1.0.1-py3-none-any.whl (303 kB)
Collecting pytest<6.3.0,>=6.2.3 (from -r requirements/test_requirements.txt (line 4))
  Using cached pytest-6.2.5-py3-none-any.whl (280 kB)
Collecting black<23.0.0,>=22.0.0 (from -r requirements/test_requirements.txt (line 9))
  Using cached black-22.12.0-py3-none-any.whl (167 kB)
Collecting flake8<3.10.0,>=3.9.0 (from -r requirements/test_requirements.txt (line 11))
  Using cached flake8-3.9.2-py2.py3-none-any.whl (73 kB)
Collecting mypy==0.812 (from -r requirements/test_requirements.txt (line 13))
  Using cached mypy-0.812-cp39-cp39-macosx_10_9_x86_64.whl (9.1 MB)
Collecting isort==5.8.0 (from -r requirements/test_requirements.txt (line 15))
  Using cached isort-5.8.0-py3-none-any.whl (103 kB)
Collecting typed-ast<1.5.0,>=1.4.0 (from mypy==0.812->-r requirements/test_requirements.txt (line 13))
  Using cached typed_ast-1.4.3-cp39-cp39-macosx_10_9_x86_64.whl (226 kB)
Collecting typing-extensions>=3.7.4 (from mypy==0.812->-r requirements/test_requirements.txt (line 13))
  Using cached typing_extensions-4.6.3-py3-none-any.whl (31 kB)
Collecting mypy-extensions<0.5.0,>=0.4.3 (from mypy==0.812->-r requirements/test_requirements.txt (line 13))
  Using cached mypy_extensions-0.4.4-py2.py3-none-any.whl
Collecting python-dateutil>=2.7.3 (from pandas<1.4.0,>=1.3.5->-r requirements/requirements.txt (line 6))
  Using cached python_dateutil-2.8.2-py2.py3-none-any.whl (247 kB)
Collecting pytz>=2017.3 (from pandas<1.4.0,>=1.3.5->-r requirements/requirements.txt (line 6))
  Using cached pytz-2023.3-py2.py3-none-any.whl (502 kB)
Collecting scipy>=1.1.0 (from scikit-learn<1.1.0,>=1.0.2->-r requirements/requirements.txt (line 8))
  Using cached scipy-1.10.1-cp39-cp39-macosx_10_9_x86_64.whl (35.2 MB)
Collecting threadpoolctl>=2.0.0 (from scikit-learn<1.1.0,>=1.0.2->-r requirements/requirements.txt (line 8))
  Using cached threadpoolctl-3.1.0-py3-none-any.whl (14 kB)
Collecting statsmodels>=0.11.1 (from feature-engine<1.1.0,>=1.0.2->-r requirements/requirements.txt (line 11))
  Using cached statsmodels-0.14.0-cp39-cp39-macosx_10_9_x86_64.whl (9.9 MB)
Collecting attrs>=19.2.0 (from pytest<6.3.0,>=6.2.3->-r requirements/test_requirements.txt (line 4))
  Using cached attrs-23.1.0-py3-none-any.whl (61 kB)
Collecting iniconfig (from pytest<6.3.0,>=6.2.3->-r requirements/test_requirements.txt (line 4))
  Using cached iniconfig-2.0.0-py3-none-any.whl (5.9 kB)
Collecting packaging (from pytest<6.3.0,>=6.2.3->-r requirements/test_requirements.txt (line 4))
  Using cached packaging-23.1-py3-none-any.whl (48 kB)
Collecting pluggy<2.0,>=0.12 (from pytest<6.3.0,>=6.2.3->-r requirements/test_requirements.txt (line 4))
  Using cached pluggy-1.0.0-py2.py3-none-any.whl (13 kB)
Collecting py>=1.8.2 (from pytest<6.3.0,>=6.2.3->-r requirements/test_requirements.txt (line 4))
  Using cached py-1.11.0-py2.py3-none-any.whl (98 kB)
Collecting toml (from pytest<6.3.0,>=6.2.3->-r requirements/test_requirements.txt (line 4))
  Using cached toml-0.10.2-py2.py3-none-any.whl (16 kB)
Collecting click>=8.0.0 (from black<23.0.0,>=22.0.0->-r requirements/test_requirements.txt (line 9))
  Using cached click-8.1.3-py3-none-any.whl (96 kB)
Collecting pathspec>=0.9.0 (from black<23.0.0,>=22.0.0->-r requirements/test_requirements.txt (line 9))
  Using cached pathspec-0.11.1-py3-none-any.whl (29 kB)
Collecting platformdirs>=2 (from black<23.0.0,>=22.0.0->-r requirements/test_requirements.txt (line 9))
  Using cached platformdirs-3.6.0-py3-none-any.whl (16 kB)
Collecting tomli>=1.1.0 (from black<23.0.0,>=22.0.0->-r requirements/test_requirements.txt (line 9))
  Using cached tomli-2.0.1-py3-none-any.whl (12 kB)
Collecting pyflakes<2.4.0,>=2.3.0 (from flake8<3.10.0,>=3.9.0->-r requirements/test_requirements.txt (line 11))
  Using cached pyflakes-2.3.1-py2.py3-none-any.whl (68 kB)
Collecting pycodestyle<2.8.0,>=2.7.0 (from flake8<3.10.0,>=3.9.0->-r requirements/test_requirements.txt (line 11))
  Using cached pycodestyle-2.7.0-py2.py3-none-any.whl (41 kB)
Collecting mccabe<0.7.0,>=0.6.0 (from flake8<3.10.0,>=3.9.0->-r requirements/test_requirements.txt (line 11))
  Using cached mccabe-0.6.1-py2.py3-none-any.whl (8.6 kB)
Collecting six>=1.5 (from python-dateutil>=2.7.3->pandas<1.4.0,>=1.3.5->-r requirements/requirements.txt (line 6))
  Using cached six-1.16.0-py2.py3-none-any.whl (11 kB)
Collecting patsy>=0.5.2 (from statsmodels>=0.11.1->feature-engine<1.1.0,>=1.0.2->-r requirements/requirements.txt (line 11))
  Using cached patsy-0.5.3-py2.py3-none-any.whl (233 kB)
Installing collected packages: typed-ast, ruamel.yaml, pytz, mccabe, typing-extensions, tomli, toml, threadpoolctl, six, pyflakes, pycodestyle, py, pluggy, platformdirs, pathspec, packaging, numpy, mypy-extensions, joblib, isort, iniconfig, click, attrs, scipy, python-dateutil, pytest, pydantic, patsy, mypy, flake8, black, strictyaml, scikit-learn, pandas, statsmodels, feature-engine
Successfully installed attrs-23.1.0 black-22.12.0 click-8.1.3 feature-engine-1.0.2 flake8-3.9.2 iniconfig-2.0.0 isort-5.8.0 joblib-1.0.1 mccabe-0.6.1 mypy-0.812 mypy-extensions-0.4.4 numpy-1.24.0 packaging-23.1 pandas-1.3.5 pathspec-0.11.1 patsy-0.5.3 platformdirs-3.6.0 pluggy-1.0.0 py-1.11.0 pycodestyle-2.7.0 pydantic-1.8.2 pyflakes-2.3.1 pytest-6.2.5 python-dateutil-2.8.2 pytz-2023.3 ruamel.yaml-0.16.12 scikit-learn-1.0.2 scipy-1.10.1 six-1.16.0 statsmodels-0.14.0 strictyaml-1.3.2 threadpoolctl-3.1.0 toml-0.10.2 tomli-2.0.1 typed-ast-1.4.3 typing-extensions-4.6.3
